[2016-12-19 09:55:55] slim-skeleton.ERROR: exception 'ErrorException' with message 'Undefined offset: -1' in /var/www/agrinvest_agroweb/map/api/index.php:190 Stack trace: #0 /var/www/agrinvest_agroweb/map/api/index.php(190): Slim\Slim::handleErrors(8, 'Undefined offse...', '/var/www/agrinv...', 190, Array) #1 [internal function]: {closure}() #2 /var/www/agrinvest_agroweb/map/api/vendor/slim/slim/Slim/Route.php(468): call_user_func_array(Object(Closure), Array) #3 /var/www/agrinvest_agroweb/map/api/vendor/slim/slim/Slim/Slim.php(1357): Slim\Route->dispatch() #4 /var/www/agrinvest_agroweb/map/api/vendor/slim/slim/Slim/Middleware/Flash.php(85): Slim\Slim->call() #5 /var/www/agrinvest_agroweb/map/api/vendor/slim/slim/Slim/Middleware/MethodOverride.php(92): Slim\Middleware\Flash->call() #6 /var/www/agrinvest_agroweb/map/api/vendor/slim/slim/Slim/Middleware/PrettyExceptions.php(67): Slim\Middleware\MethodOverride->call() #7 /var/www/agrinvest_agroweb/map/api/vendor/slim/slim/Slim/Slim.php(1302): Slim\Middleware\PrettyExceptions->call() #8 /var/www/agrinvest_agroweb/map/api/index.php(231): Slim\Slim->run() #9 {main} [] []
[2016-12-19 09:55:59] slim-skeleton.ERROR: exception 'ErrorException' with message 'Undefined offset: -1' in /var/www/agrinvest_agroweb/map/api/index.php:190 Stack trace: #0 /var/www/agrinvest_agroweb/map/api/index.php(190): Slim\Slim::handleErrors(8, 'Undefined offse...', '/var/www/agrinv...', 190, Array) #1 [internal function]: {closure}() #2 /var/www/agrinvest_agroweb/map/api/vendor/slim/slim/Slim/Route.php(468): call_user_func_array(Object(Closure), Array) #3 /var/www/agrinvest_agroweb/map/api/vendor/slim/slim/Slim/Slim.php(1357): Slim\Route->dispatch() #4 /var/www/agrinvest_agroweb/map/api/vendor/slim/slim/Slim/Middleware/Flash.php(85): Slim\Slim->call() #5 /var/www/agrinvest_agroweb/map/api/vendor/slim/slim/Slim/Middleware/MethodOverride.php(92): Slim\Middleware\Flash->call() #6 /var/www/agrinvest_agroweb/map/api/vendor/slim/slim/Slim/Middleware/PrettyExceptions.php(67): Slim\Middleware\MethodOverride->call() #7 /var/www/agrinvest_agroweb/map/api/vendor/slim/slim/Slim/Slim.php(1302): Slim\Middleware\PrettyExceptions->call() #8 /var/www/agrinvest_agroweb/map/api/index.php(231): Slim\Slim->run() #9 {main} [] []
[2017-08-03 15:23:57] slim-skeleton.ERROR: exception 'ErrorException' with message 'Missing argument 1 for Login::posLogin()' in /var/www/ag_agroweb/map/api/app/login/Login.php:21 Stack trace: #0 /var/www/ag_agroweb/map/api/app/login/Login.php(21): Slim\Slim::handleErrors(2, 'Missing argumen...', '/var/www/ag_agr...', 21, Array) #1 [internal function]: Login->posLogin() #2 /var/www/ag_agroweb/map/api/vendor/slim/slim/Slim/Route.php(173): call_user_func_array(Array, Array) #3 [internal function]: Slim\{closure}() #4 /var/www/ag_agroweb/map/api/vendor/slim/slim/Slim/Route.php(468): call_user_func_array(Object(Closure), Array) #5 /var/www/ag_agroweb/map/api/vendor/slim/slim/Slim/Slim.php(1357): Slim\Route->dispatch() #6 /var/www/ag_agroweb/map/api/vendor/slim/slim/Slim/Middleware/Flash.php(85): Slim\Slim->call() #7 /var/www/ag_agroweb/map/api/vendor/slim/slim/Slim/Middleware/MethodOverride.php(92): Slim\Middleware\Flash->call() #8 /var/www/ag_agroweb/map/api/vendor/slim/slim/Slim/Middleware/PrettyExceptions.php(67): Slim\Middleware\MethodOverride->call() #9 /var/www/ag_agroweb/map/api/vendor/slim/slim/Slim/Slim.php(1302): Slim\Middleware\PrettyExceptions->call() #10 /var/www/ag_agroweb/map/api/index.php(240): Slim\Slim->run() #11 {main} [] []
[2017-08-03 15:24:47] slim-skeleton.ERROR: exception 'ErrorException' with message 'Missing argument 1 for Login::posLogin()' in /var/www/ag_agroweb/map/api/app/login/Login.php:21 Stack trace: #0 /var/www/ag_agroweb/map/api/app/login/Login.php(21): Slim\Slim::handleErrors(2, 'Missing argumen...', '/var/www/ag_agr...', 21, Array) #1 [internal function]: Login->posLogin() #2 /var/www/ag_agroweb/map/api/vendor/slim/slim/Slim/Route.php(173): call_user_func_array(Array, Array) #3 [internal function]: Slim\{closure}() #4 /var/www/ag_agroweb/map/api/vendor/slim/slim/Slim/Route.php(468): call_user_func_array(Object(Closure), Array) #5 /var/www/ag_agroweb/map/api/vendor/slim/slim/Slim/Slim.php(1357): Slim\Route->dispatch() #6 /var/www/ag_agroweb/map/api/vendor/slim/slim/Slim/Middleware/Flash.php(85): Slim\Slim->call() #7 /var/www/ag_agroweb/map/api/vendor/slim/slim/Slim/Middleware/MethodOverride.php(92): Slim\Middleware\Flash->call() #8 /var/www/ag_agroweb/map/api/vendor/slim/slim/Slim/Middleware/PrettyExceptions.php(67): Slim\Middleware\MethodOverride->call() #9 /var/www/ag_agroweb/map/api/vendor/slim/slim/Slim/Slim.php(1302): Slim\Middleware\PrettyExceptions->call() #10 /var/www/ag_agroweb/map/api/index.php(240): Slim\Slim->run() #11 {main} [] []
[2017-08-03 15:25:09] slim-skeleton.ERROR: exception 'ErrorException' with message 'Missing argument 1 for Login::posLogin()' in /var/www/ag_agroweb/map/api/app/login/Login.php:21 Stack trace: #0 /var/www/ag_agroweb/map/api/app/login/Login.php(21): Slim\Slim::handleErrors(2, 'Missing argumen...', '/var/www/ag_agr...', 21, Array) #1 [internal function]: Login->posLogin() #2 /var/www/ag_agroweb/map/api/vendor/slim/slim/Slim/Route.php(173): call_user_func_array(Array, Array) #3 [internal function]: Slim\{closure}() #4 /var/www/ag_agroweb/map/api/vendor/slim/slim/Slim/Route.php(468): call_user_func_array(Object(Closure), Array) #5 /var/www/ag_agroweb/map/api/vendor/slim/slim/Slim/Slim.php(1357): Slim\Route->dispatch() #6 /var/www/ag_agroweb/map/api/vendor/slim/slim/Slim/Middleware/Flash.php(85): Slim\Slim->call() #7 /var/www/ag_agroweb/map/api/vendor/slim/slim/Slim/Middleware/MethodOverride.php(92): Slim\Middleware\Flash->call() #8 /var/www/ag_agroweb/map/api/vendor/slim/slim/Slim/Middleware/PrettyExceptions.php(67): Slim\Middleware\MethodOverride->call() #9 /var/www/ag_agroweb/map/api/vendor/slim/slim/Slim/Slim.php(1302): Slim\Middleware\PrettyExceptions->call() #10 /var/www/ag_agroweb/map/api/index.php(240): Slim\Slim->run() #11 {main} [] []
[2017-08-03 15:29:02] slim-skeleton.ERROR: exception 'ErrorException' with message 'Undefined variable: app' in /var/www/ag_agroweb/map/api/app/login/Login.php:22 Stack trace: #0 /var/www/ag_agroweb/map/api/app/login/Login.php(22): Slim\Slim::handleErrors(8, 'Undefined varia...', '/var/www/ag_agr...', 22, Array) #1 [internal function]: Login->posLogin() #2 /var/www/ag_agroweb/map/api/vendor/slim/slim/Slim/Route.php(173): call_user_func_array(Array, Array) #3 [internal function]: Slim\{closure}() #4 /var/www/ag_agroweb/map/api/vendor/slim/slim/Slim/Route.php(468): call_user_func_array(Object(Closure), Array) #5 /var/www/ag_agroweb/map/api/vendor/slim/slim/Slim/Slim.php(1357): Slim\Route->dispatch() #6 /var/www/ag_agroweb/map/api/vendor/slim/slim/Slim/Middleware/Flash.php(85): Slim\Slim->call() #7 /var/www/ag_agroweb/map/api/vendor/slim/slim/Slim/Middleware/MethodOverride.php(92): Slim\Middleware\Flash->call() #8 /var/www/ag_agroweb/map/api/vendor/slim/slim/Slim/Middleware/PrettyExceptions.php(67): Slim\Middleware\MethodOverride->call() #9 /var/www/ag_agroweb/map/api/vendor/slim/slim/Slim/Slim.php(1302): Slim\Middleware\PrettyExceptions->call() #10 /var/www/ag_agroweb/map/api/index.php(240): Slim\Slim->run() #11 {main} [] []
[2017-08-03 15:41:45] slim-skeleton.ERROR: exception 'ErrorException' with message 'Missing argument 1 for Login::posLogin()' in /var/www/ag_agroweb/map/api/app/login/Login.php:20 Stack trace: #0 /var/www/ag_agroweb/map/api/app/login/Login.php(20): Slim\Slim::handleErrors(2, 'Missing argumen...', '/var/www/ag_agr...', 20, Array) #1 [internal function]: Login->posLogin() #2 /var/www/ag_agroweb/map/api/vendor/slim/slim/Slim/Route.php(173): call_user_func_array(Array, Array) #3 [internal function]: Slim\{closure}() #4 /var/www/ag_agroweb/map/api/vendor/slim/slim/Slim/Route.php(468): call_user_func_array(Object(Closure), Array) #5 /var/www/ag_agroweb/map/api/vendor/slim/slim/Slim/Slim.php(1357): Slim\Route->dispatch() #6 /var/www/ag_agroweb/map/api/vendor/slim/slim/Slim/Middleware/Flash.php(85): Slim\Slim->call() #7 /var/www/ag_agroweb/map/api/vendor/slim/slim/Slim/Middleware/MethodOverride.php(92): Slim\Middleware\Flash->call() #8 /var/www/ag_agroweb/map/api/vendor/slim/slim/Slim/Middleware/PrettyExceptions.php(67): Slim\Middleware\MethodOverride->call() #9 /var/www/ag_agroweb/map/api/vendor/slim/slim/Slim/Slim.php(1302): Slim\Middleware\PrettyExceptions->call() #10 /var/www/ag_agroweb/map/api/index.php(240): Slim\Slim->run() #11 {main} [] []
[2017-08-03 15:42:40] slim-skeleton.ERROR: exception 'ErrorException' with message 'Missing argument 1 for Login::posLogin()' in /var/www/ag_agroweb/map/api/app/login/Login.php:20 Stack trace: #0 /var/www/ag_agroweb/map/api/app/login/Login.php(20): Slim\Slim::handleErrors(2, 'Missing argumen...', '/var/www/ag_agr...', 20, Array) #1 [internal function]: Login->posLogin() #2 /var/www/ag_agroweb/map/api/vendor/slim/slim/Slim/Route.php(173): call_user_func_array(Array, Array) #3 [internal function]: Slim\{closure}() #4 /var/www/ag_agroweb/map/api/vendor/slim/slim/Slim/Route.php(468): call_user_func_array(Object(Closure), Array) #5 /var/www/ag_agroweb/map/api/vendor/slim/slim/Slim/Slim.php(1357): Slim\Route->dispatch() #6 /var/www/ag_agroweb/map/api/vendor/slim/slim/Slim/Middleware/Flash.php(85): Slim\Slim->call() #7 /var/www/ag_agroweb/map/api/vendor/slim/slim/Slim/Middleware/MethodOverride.php(92): Slim\Middleware\Flash->call() #8 /var/www/ag_agroweb/map/api/vendor/slim/slim/Slim/Middleware/PrettyExceptions.php(67): Slim\Middleware\MethodOverride->call() #9 /var/www/ag_agroweb/map/api/vendor/slim/slim/Slim/Slim.php(1302): Slim\Middleware\PrettyExceptions->call() #10 /var/www/ag_agroweb/map/api/index.php(240): Slim\Slim->run() #11 {main} [] []
[2017-08-03 17:08:35] slim-skeleton.ERROR: exception 'ErrorException' with message 'Undefined property: Login::$apps' in /var/www/ag_agroweb/map/api/app/login/Login.php:14 Stack trace: #0 /var/www/ag_agroweb/map/api/app/login/Login.php(14): Slim\Slim::handleErrors(8, 'Undefined prope...', '/var/www/ag_agr...', 14, Array) #1 /var/www/ag_agroweb/map/api/vendor/slim/slim/Slim/Route.php(171): Login->__construct() #2 [internal function]: Slim\{closure}() #3 /var/www/ag_agroweb/map/api/vendor/slim/slim/Slim/Route.php(468): call_user_func_array(Object(Closure), Array) #4 /var/www/ag_agroweb/map/api/vendor/slim/slim/Slim/Slim.php(1357): Slim\Route->dispatch() #5 /var/www/ag_agroweb/map/api/vendor/slim/slim/Slim/Middleware/Flash.php(85): Slim\Slim->call() #6 /var/www/ag_agroweb/map/api/vendor/slim/slim/Slim/Middleware/MethodOverride.php(92): Slim\Middleware\Flash->call() #7 /var/www/ag_agroweb/map/api/vendor/slim/slim/Slim/Middleware/PrettyExceptions.php(67): Slim\Middleware\MethodOverride->call() #8 /var/www/ag_agroweb/map/api/vendor/slim/slim/Slim/Slim.php(1302): Slim\Middleware\PrettyExceptions->call() #9 /var/www/ag_agroweb/map/api/index.php(240): Slim\Slim->run() #10 {main} [] []
[2017-08-03 17:47:47] slim-skeleton.ERROR: exception 'PDOException' with message 'SQLSTATE[42S02]: Base table or view not found: 1146 Table 'agroweb.person' doesn't exist' in /var/www/ag_agroweb/map/api/app/Idiorm.php:503 Stack trace: #0 /var/www/ag_agroweb/map/api/app/Idiorm.php(503): PDOStatement->execute() #1 /var/www/ag_agroweb/map/api/app/Idiorm.php(1906): ORM::_execute('SELECT * FROM `...', Array, 'default') #2 /var/www/ag_agroweb/map/api/app/Idiorm.php(685): ORM->_run() #3 /var/www/ag_agroweb/map/api/app/login/Login.php(24): ORM->find_one() #4 [internal function]: Login->posLogin() #5 /var/www/ag_agroweb/map/api/vendor/slim/slim/Slim/Route.php(173): call_user_func_array(Array, Array) #6 [internal function]: Slim\{closure}() #7 /var/www/ag_agroweb/map/api/vendor/slim/slim/Slim/Route.php(468): call_user_func_array(Object(Closure), Array) #8 /var/www/ag_agroweb/map/api/vendor/slim/slim/Slim/Slim.php(1357): Slim\Route->dispatch() #9 /var/www/ag_agroweb/map/api/vendor/slim/slim/Slim/Middleware/Flash.php(85): Slim\Slim->call() #10 /var/www/ag_agroweb/map/api/vendor/slim/slim/Slim/Middleware/MethodOverride.php(92): Slim\Middleware\Flash->call() #11 /var/www/ag_agroweb/map/api/vendor/slim/slim/Slim/Middleware/PrettyExceptions.php(67): Slim\Middleware\MethodOverride->call() #12 /var/www/ag_agroweb/map/api/vendor/slim/slim/Slim/Slim.php(1302): Slim\Middleware\PrettyExceptions->call() #13 /var/www/ag_agroweb/map/api/index.php(246): Slim\Slim->run() #14 {main} [] []
[2017-08-03 17:47:57] slim-skeleton.ERROR: exception 'PDOException' with message 'SQLSTATE[42S22]: Column not found: 1054 Unknown column 'usuario' in 'where clause'' in /var/www/ag_agroweb/map/api/app/Idiorm.php:503 Stack trace: #0 /var/www/ag_agroweb/map/api/app/Idiorm.php(503): PDOStatement->execute() #1 /var/www/ag_agroweb/map/api/app/Idiorm.php(1906): ORM::_execute('SELECT * FROM `...', Array, 'default') #2 /var/www/ag_agroweb/map/api/app/Idiorm.php(685): ORM->_run() #3 /var/www/ag_agroweb/map/api/app/login/Login.php(24): ORM->find_one() #4 [internal function]: Login->posLogin() #5 /var/www/ag_agroweb/map/api/vendor/slim/slim/Slim/Route.php(173): call_user_func_array(Array, Array) #6 [internal function]: Slim\{closure}() #7 /var/www/ag_agroweb/map/api/vendor/slim/slim/Slim/Route.php(468): call_user_func_array(Object(Closure), Array) #8 /var/www/ag_agroweb/map/api/vendor/slim/slim/Slim/Slim.php(1357): Slim\Route->dispatch() #9 /var/www/ag_agroweb/map/api/vendor/slim/slim/Slim/Middleware/Flash.php(85): Slim\Slim->call() #10 /var/www/ag_agroweb/map/api/vendor/slim/slim/Slim/Middleware/MethodOverride.php(92): Slim\Middleware\Flash->call() #11 /var/www/ag_agroweb/map/api/vendor/slim/slim/Slim/Middleware/PrettyExceptions.php(67): Slim\Middleware\MethodOverride->call() #12 /var/www/ag_agroweb/map/api/vendor/slim/slim/Slim/Slim.php(1302): Slim\Middleware\PrettyExceptions->call() #13 /var/www/ag_agroweb/map/api/index.php(246): Slim\Slim->run() #14 {main} [] []
[2017-08-03 17:51:16] slim-skeleton.ERROR: exception 'ErrorException' with message 'Use of undefined constant usuario - assumed 'usuario'' in /var/www/ag_agroweb/map/api/app/login/Login.php:25 Stack trace: #0 /var/www/ag_agroweb/map/api/app/login/Login.php(25): Slim\Slim::handleErrors(8, 'Use of undefine...', '/var/www/ag_agr...', 25, Array) #1 [internal function]: Login->posLogin() #2 /var/www/ag_agroweb/map/api/vendor/slim/slim/Slim/Route.php(173): call_user_func_array(Array, Array) #3 [internal function]: Slim\{closure}() #4 /var/www/ag_agroweb/map/api/vendor/slim/slim/Slim/Route.php(468): call_user_func_array(Object(Closure), Array) #5 /var/www/ag_agroweb/map/api/vendor/slim/slim/Slim/Slim.php(1357): Slim\Route->dispatch() #6 /var/www/ag_agroweb/map/api/vendor/slim/slim/Slim/Middleware/Flash.php(85): Slim\Slim->call() #7 /var/www/ag_agroweb/map/api/vendor/slim/slim/Slim/Middleware/MethodOverride.php(92): Slim\Middleware\Flash->call() #8 /var/www/ag_agroweb/map/api/vendor/slim/slim/Slim/Middleware/PrettyExceptions.php(67): Slim\Middleware\MethodOverride->call() #9 /var/www/ag_agroweb/map/api/vendor/slim/slim/Slim/Slim.php(1302): Slim\Middleware\PrettyExceptions->call() #10 /var/www/ag_agroweb/map/api/index.php(246): Slim\Slim->run() #11 {main} [] []
[2017-08-04 15:07:44] slim-skeleton.ERROR: exception 'ErrorException' with message 'Undefined property: Login::$isSecure' in /var/www/ag_agroweb/map/api/app/IApi.php:56 Stack trace: #0 /var/www/ag_agroweb/map/api/app/IApi.php(56): Slim\Slim::handleErrors(8, 'Undefined prope...', '/var/www/ag_agr...', 56, Array) #1 /var/www/ag_agroweb/map/api/app/IApi.php(19): IApi->beforeCall() #2 /var/www/ag_agroweb/map/api/app/login/Login.php(9): IApi->__construct() #3 /var/www/ag_agroweb/map/api/vendor/slim/slim/Slim/Route.php(171): Login->__construct() #4 [internal function]: Slim\{closure}('Rafael') #5 /var/www/ag_agroweb/map/api/vendor/slim/slim/Slim/Route.php(468): call_user_func_array(Object(Closure), Array) #6 /var/www/ag_agroweb/map/api/vendor/slim/slim/Slim/Slim.php(1357): Slim\Route->dispatch() #7 /var/www/ag_agroweb/map/api/vendor/slim/slim/Slim/Middleware/Flash.php(85): Slim\Slim->call() #8 /var/www/ag_agroweb/map/api/vendor/slim/slim/Slim/Middleware/MethodOverride.php(92): Slim\Middleware\Flash->call() #9 /var/www/ag_agroweb/map/api/vendor/slim/slim/Slim/Middleware/PrettyExceptions.php(67): Slim\Middleware\MethodOverride->call() #10 /var/www/ag_agroweb/map/api/vendor/slim/slim/Slim/Slim.php(1302): Slim\Middleware\PrettyExceptions->call() #11 /var/www/ag_agroweb/map/api/index.php(270): Slim\Slim->run() #12 {main} [] []
[2017-08-04 15:08:51] slim-skeleton.ERROR: exception 'ErrorException' with message 'Undefined property: Login::$isSecure' in /var/www/ag_agroweb/map/api/app/IApi.php:47 Stack trace: #0 /var/www/ag_agroweb/map/api/app/IApi.php(47): Slim\Slim::handleErrors(8, 'Undefined prope...', '/var/www/ag_agr...', 47, Array) #1 /var/www/ag_agroweb/map/api/app/IApi.php(56): IApi->getSecure() #2 /var/www/ag_agroweb/map/api/app/IApi.php(19): IApi->beforeCall() #3 /var/www/ag_agroweb/map/api/app/login/Login.php(9): IApi->__construct() #4 /var/www/ag_agroweb/map/api/vendor/slim/slim/Slim/Route.php(171): Login->__construct() #5 [internal function]: Slim\{closure}('Rafael') #6 /var/www/ag_agroweb/map/api/vendor/slim/slim/Slim/Route.php(468): call_user_func_array(Object(Closure), Array) #7 /var/www/ag_agroweb/map/api/vendor/slim/slim/Slim/Slim.php(1357): Slim\Route->dispatch() #8 /var/www/ag_agroweb/map/api/vendor/slim/slim/Slim/Middleware/Flash.php(85): Slim\Slim->call() #9 /var/www/ag_agroweb/map/api/vendor/slim/slim/Slim/Middleware/MethodOverride.php(92): Slim\Middleware\Flash->call() #10 /var/www/ag_agroweb/map/api/vendor/slim/slim/Slim/Middleware/PrettyExceptions.php(67): Slim\Middleware\MethodOverride->call() #11 /var/www/ag_agroweb/map/api/vendor/slim/slim/Slim/Slim.php(1302): Slim\Middleware\PrettyExceptions->call() #12 /var/www/ag_agroweb/map/api/index.php(270): Slim\Slim->run() #13 {main} [] []
[2017-08-04 20:32:50] slim-skeleton.ERROR: ErrorException: Creating default object from empty value in C:\xampp\htdocs\api\app\IApi.php:45 Stack trace: #0 C:\xampp\htdocs\api\app\IApi.php(45): Slim\Slim::handleErrors(2, 'Creating defaul...', 'C:\\xampp\\htdocs...', 45, Array) #1 C:\xampp\htdocs\api\app\login\Login.php(13): IApi::setSecure(true) #2 C:\xampp\htdocs\api\vendor\slim\slim\Slim\Route.php(171): Login->__construct() #3 [internal function]: Slim\Route->Slim\{closure}('Rafael') #4 C:\xampp\htdocs\api\vendor\slim\slim\Slim\Route.php(468): call_user_func_array(Object(Closure), Array) #5 C:\xampp\htdocs\api\vendor\slim\slim\Slim\Slim.php(1357): Slim\Route->dispatch() #6 C:\xampp\htdocs\api\vendor\slim\slim\Slim\Middleware\Flash.php(85): Slim\Slim->call() #7 C:\xampp\htdocs\api\vendor\slim\slim\Slim\Middleware\MethodOverride.php(92): Slim\Middleware\Flash->call() #8 C:\xampp\htdocs\api\vendor\slim\slim\Slim\Middleware\PrettyExceptions.php(67): Slim\Middleware\MethodOverride->call() #9 C:\xampp\htdocs\api\vendor\slim\slim\Slim\Slim.php(1302): Slim\Middleware\PrettyExceptions->call() #10 C:\xampp\htdocs\api\index.php(270): Slim\Slim->run() #11 {main} [] []
[2017-08-04 20:32:52] slim-skeleton.ERROR: ErrorException: Creating default object from empty value in C:\xampp\htdocs\api\app\IApi.php:45 Stack trace: #0 C:\xampp\htdocs\api\app\IApi.php(45): Slim\Slim::handleErrors(2, 'Creating defaul...', 'C:\\xampp\\htdocs...', 45, Array) #1 C:\xampp\htdocs\api\app\login\Login.php(13): IApi::setSecure(true) #2 C:\xampp\htdocs\api\vendor\slim\slim\Slim\Route.php(171): Login->__construct() #3 [internal function]: Slim\Route->Slim\{closure}('Rafael') #4 C:\xampp\htdocs\api\vendor\slim\slim\Slim\Route.php(468): call_user_func_array(Object(Closure), Array) #5 C:\xampp\htdocs\api\vendor\slim\slim\Slim\Slim.php(1357): Slim\Route->dispatch() #6 C:\xampp\htdocs\api\vendor\slim\slim\Slim\Middleware\Flash.php(85): Slim\Slim->call() #7 C:\xampp\htdocs\api\vendor\slim\slim\Slim\Middleware\MethodOverride.php(92): Slim\Middleware\Flash->call() #8 C:\xampp\htdocs\api\vendor\slim\slim\Slim\Middleware\PrettyExceptions.php(67): Slim\Middleware\MethodOverride->call() #9 C:\xampp\htdocs\api\vendor\slim\slim\Slim\Slim.php(1302): Slim\Middleware\PrettyExceptions->call() #10 C:\xampp\htdocs\api\index.php(270): Slim\Slim->run() #11 {main} [] []
[2017-08-04 20:33:55] slim-skeleton.ERROR: ErrorException: Accessing static property Login::$isSecure as non static in C:\xampp\htdocs\api\app\IApi.php:19 Stack trace: #0 C:\xampp\htdocs\api\app\IApi.php(19): Slim\Slim::handleErrors(8, 'Accessing stati...', 'C:\\xampp\\htdocs...', 19, Array) #1 C:\xampp\htdocs\api\app\login\Login.php(9): IApi->__construct() #2 C:\xampp\htdocs\api\vendor\slim\slim\Slim\Route.php(171): Login->__construct() #3 [internal function]: Slim\Route->Slim\{closure}('Rafael') #4 C:\xampp\htdocs\api\vendor\slim\slim\Slim\Route.php(468): call_user_func_array(Object(Closure), Array) #5 C:\xampp\htdocs\api\vendor\slim\slim\Slim\Slim.php(1357): Slim\Route->dispatch() #6 C:\xampp\htdocs\api\vendor\slim\slim\Slim\Middleware\Flash.php(85): Slim\Slim->call() #7 C:\xampp\htdocs\api\vendor\slim\slim\Slim\Middleware\MethodOverride.php(92): Slim\Middleware\Flash->call() #8 C:\xampp\htdocs\api\vendor\slim\slim\Slim\Middleware\PrettyExceptions.php(67): Slim\Middleware\MethodOverride->call() #9 C:\xampp\htdocs\api\vendor\slim\slim\Slim\Slim.php(1302): Slim\Middleware\PrettyExceptions->call() #10 C:\xampp\htdocs\api\index.php(270): Slim\Slim->run() #11 {main} [] []
[2017-08-04 20:33:57] slim-skeleton.ERROR: ErrorException: Accessing static property Login::$isSecure as non static in C:\xampp\htdocs\api\app\IApi.php:19 Stack trace: #0 C:\xampp\htdocs\api\app\IApi.php(19): Slim\Slim::handleErrors(8, 'Accessing stati...', 'C:\\xampp\\htdocs...', 19, Array) #1 C:\xampp\htdocs\api\app\login\Login.php(9): IApi->__construct() #2 C:\xampp\htdocs\api\vendor\slim\slim\Slim\Route.php(171): Login->__construct() #3 [internal function]: Slim\Route->Slim\{closure}('Rafael') #4 C:\xampp\htdocs\api\vendor\slim\slim\Slim\Route.php(468): call_user_func_array(Object(Closure), Array) #5 C:\xampp\htdocs\api\vendor\slim\slim\Slim\Slim.php(1357): Slim\Route->dispatch() #6 C:\xampp\htdocs\api\vendor\slim\slim\Slim\Middleware\Flash.php(85): Slim\Slim->call() #7 C:\xampp\htdocs\api\vendor\slim\slim\Slim\Middleware\MethodOverride.php(92): Slim\Middleware\Flash->call() #8 C:\xampp\htdocs\api\vendor\slim\slim\Slim\Middleware\PrettyExceptions.php(67): Slim\Middleware\MethodOverride->call() #9 C:\xampp\htdocs\api\vendor\slim\slim\Slim\Slim.php(1302): Slim\Middleware\PrettyExceptions->call() #10 C:\xampp\htdocs\api\index.php(270): Slim\Slim->run() #11 {main} [] []
[2017-08-04 20:34:16] slim-skeleton.ERROR: ErrorException: Accessing static property Login::$isSecure as non static in C:\xampp\htdocs\api\app\IApi.php:58 Stack trace: #0 C:\xampp\htdocs\api\app\IApi.php(58): Slim\Slim::handleErrors(8, 'Accessing stati...', 'C:\\xampp\\htdocs...', 58, Array) #1 C:\xampp\htdocs\api\app\IApi.php(21): IApi->beforeCall() #2 C:\xampp\htdocs\api\app\login\Login.php(9): IApi->__construct() #3 C:\xampp\htdocs\api\vendor\slim\slim\Slim\Route.php(171): Login->__construct() #4 [internal function]: Slim\Route->Slim\{closure}('Rafael') #5 C:\xampp\htdocs\api\vendor\slim\slim\Slim\Route.php(468): call_user_func_array(Object(Closure), Array) #6 C:\xampp\htdocs\api\vendor\slim\slim\Slim\Slim.php(1357): Slim\Route->dispatch() #7 C:\xampp\htdocs\api\vendor\slim\slim\Slim\Middleware\Flash.php(85): Slim\Slim->call() #8 C:\xampp\htdocs\api\vendor\slim\slim\Slim\Middleware\MethodOverride.php(92): Slim\Middleware\Flash->call() #9 C:\xampp\htdocs\api\vendor\slim\slim\Slim\Middleware\PrettyExceptions.php(67): Slim\Middleware\MethodOverride->call() #10 C:\xampp\htdocs\api\vendor\slim\slim\Slim\Slim.php(1302): Slim\Middleware\PrettyExceptions->call() #11 C:\xampp\htdocs\api\index.php(270): Slim\Slim->run() #12 {main} [] []
[2017-08-04 20:34:33] slim-skeleton.ERROR: ErrorException: Accessing static property Login::$isSecure as non static in C:\xampp\htdocs\api\app\IApi.php:58 Stack trace: #0 C:\xampp\htdocs\api\app\IApi.php(58): Slim\Slim::handleErrors(8, 'Accessing stati...', 'C:\\xampp\\htdocs...', 58, Array) #1 C:\xampp\htdocs\api\app\IApi.php(21): IApi->beforeCall() #2 C:\xampp\htdocs\api\app\login\Login.php(9): IApi->__construct() #3 C:\xampp\htdocs\api\vendor\slim\slim\Slim\Route.php(171): Login->__construct() #4 [internal function]: Slim\Route->Slim\{closure}('Rafael') #5 C:\xampp\htdocs\api\vendor\slim\slim\Slim\Route.php(468): call_user_func_array(Object(Closure), Array) #6 C:\xampp\htdocs\api\vendor\slim\slim\Slim\Slim.php(1357): Slim\Route->dispatch() #7 C:\xampp\htdocs\api\vendor\slim\slim\Slim\Middleware\Flash.php(85): Slim\Slim->call() #8 C:\xampp\htdocs\api\vendor\slim\slim\Slim\Middleware\MethodOverride.php(92): Slim\Middleware\Flash->call() #9 C:\xampp\htdocs\api\vendor\slim\slim\Slim\Middleware\PrettyExceptions.php(67): Slim\Middleware\MethodOverride->call() #10 C:\xampp\htdocs\api\vendor\slim\slim\Slim\Slim.php(1302): Slim\Middleware\PrettyExceptions->call() #11 C:\xampp\htdocs\api\index.php(270): Slim\Slim->run() #12 {main} [] []
[2017-08-04 20:37:22] slim-skeleton.ERROR: ErrorException: Undefined variable: beforeCall in C:\xampp\htdocs\api\app\IApi.php:46 Stack trace: #0 C:\xampp\htdocs\api\app\IApi.php(46): Slim\Slim::handleErrors(8, 'Undefined varia...', 'C:\\xampp\\htdocs...', 46, Array) #1 C:\xampp\htdocs\api\app\login\Login.php(13): IApi::setSecure(true) #2 C:\xampp\htdocs\api\vendor\slim\slim\Slim\Route.php(171): Login->__construct() #3 [internal function]: Slim\Route->Slim\{closure}('Rafael') #4 C:\xampp\htdocs\api\vendor\slim\slim\Slim\Route.php(468): call_user_func_array(Object(Closure), Array) #5 C:\xampp\htdocs\api\vendor\slim\slim\Slim\Slim.php(1357): Slim\Route->dispatch() #6 C:\xampp\htdocs\api\vendor\slim\slim\Slim\Middleware\Flash.php(85): Slim\Slim->call() #7 C:\xampp\htdocs\api\vendor\slim\slim\Slim\Middleware\MethodOverride.php(92): Slim\Middleware\Flash->call() #8 C:\xampp\htdocs\api\vendor\slim\slim\Slim\Middleware\PrettyExceptions.php(67): Slim\Middleware\MethodOverride->call() #9 C:\xampp\htdocs\api\vendor\slim\slim\Slim\Slim.php(1302): Slim\Middleware\PrettyExceptions->call() #10 C:\xampp\htdocs\api\index.php(270): Slim\Slim->run() #11 {main} [] []
[2017-08-04 20:39:59] slim-skeleton.ERROR: ErrorException: Accessing static property Login::$app as non static in C:\xampp\htdocs\api\app\IApi.php:14 Stack trace: #0 C:\xampp\htdocs\api\app\IApi.php(14): Slim\Slim::handleErrors(8, 'Accessing stati...', 'C:\\xampp\\htdocs...', 14, Array) #1 C:\xampp\htdocs\api\app\login\Login.php(9): IApi->__construct() #2 C:\xampp\htdocs\api\vendor\slim\slim\Slim\Route.php(171): Login->__construct() #3 [internal function]: Slim\Route->Slim\{closure}('Rafael') #4 C:\xampp\htdocs\api\vendor\slim\slim\Slim\Route.php(468): call_user_func_array(Object(Closure), Array) #5 C:\xampp\htdocs\api\vendor\slim\slim\Slim\Slim.php(1357): Slim\Route->dispatch() #6 C:\xampp\htdocs\api\vendor\slim\slim\Slim\Middleware\Flash.php(85): Slim\Slim->call() #7 C:\xampp\htdocs\api\vendor\slim\slim\Slim\Middleware\MethodOverride.php(92): Slim\Middleware\Flash->call() #8 C:\xampp\htdocs\api\vendor\slim\slim\Slim\Middleware\PrettyExceptions.php(67): Slim\Middleware\MethodOverride->call() #9 C:\xampp\htdocs\api\vendor\slim\slim\Slim\Slim.php(1302): Slim\Middleware\PrettyExceptions->call() #10 C:\xampp\htdocs\api\index.php(270): Slim\Slim->run() #11 {main} [] []
[2017-08-04 20:40:12] slim-skeleton.ERROR: ErrorException: Undefined variable: beforeCall in C:\xampp\htdocs\api\app\IApi.php:46 Stack trace: #0 C:\xampp\htdocs\api\app\IApi.php(46): Slim\Slim::handleErrors(8, 'Undefined varia...', 'C:\\xampp\\htdocs...', 46, Array) #1 C:\xampp\htdocs\api\app\login\Login.php(13): IApi::setSecure(true) #2 C:\xampp\htdocs\api\vendor\slim\slim\Slim\Route.php(171): Login->__construct() #3 [internal function]: Slim\Route->Slim\{closure}('Rafael') #4 C:\xampp\htdocs\api\vendor\slim\slim\Slim\Route.php(468): call_user_func_array(Object(Closure), Array) #5 C:\xampp\htdocs\api\vendor\slim\slim\Slim\Slim.php(1357): Slim\Route->dispatch() #6 C:\xampp\htdocs\api\vendor\slim\slim\Slim\Middleware\Flash.php(85): Slim\Slim->call() #7 C:\xampp\htdocs\api\vendor\slim\slim\Slim\Middleware\MethodOverride.php(92): Slim\Middleware\Flash->call() #8 C:\xampp\htdocs\api\vendor\slim\slim\Slim\Middleware\PrettyExceptions.php(67): Slim\Middleware\MethodOverride->call() #9 C:\xampp\htdocs\api\vendor\slim\slim\Slim\Slim.php(1302): Slim\Middleware\PrettyExceptions->call() #10 C:\xampp\htdocs\api\index.php(270): Slim\Slim->run() #11 {main} [] []
[2017-08-04 20:40:24] slim-skeleton.ERROR: ErrorException: Undefined variable: beforeCall in C:\xampp\htdocs\api\app\IApi.php:46 Stack trace: #0 C:\xampp\htdocs\api\app\IApi.php(46): Slim\Slim::handleErrors(8, 'Undefined varia...', 'C:\\xampp\\htdocs...', 46, Array) #1 C:\xampp\htdocs\api\app\login\Login.php(13): IApi::setSecure(true) #2 C:\xampp\htdocs\api\vendor\slim\slim\Slim\Route.php(171): Login->__construct() #3 [internal function]: Slim\Route->Slim\{closure}('Rafael') #4 C:\xampp\htdocs\api\vendor\slim\slim\Slim\Route.php(468): call_user_func_array(Object(Closure), Array) #5 C:\xampp\htdocs\api\vendor\slim\slim\Slim\Slim.php(1357): Slim\Route->dispatch() #6 C:\xampp\htdocs\api\vendor\slim\slim\Slim\Middleware\Flash.php(85): Slim\Slim->call() #7 C:\xampp\htdocs\api\vendor\slim\slim\Slim\Middleware\MethodOverride.php(92): Slim\Middleware\Flash->call() #8 C:\xampp\htdocs\api\vendor\slim\slim\Slim\Middleware\PrettyExceptions.php(67): Slim\Middleware\MethodOverride->call() #9 C:\xampp\htdocs\api\vendor\slim\slim\Slim\Slim.php(1302): Slim\Middleware\PrettyExceptions->call() #10 C:\xampp\htdocs\api\index.php(270): Slim\Slim->run() #11 {main} [] []
[2017-08-04 16:37:23] slim-skeleton.ERROR: exception 'ErrorException' with message 'json_decode() expects parameter 1 to be string, object given' in /var/www/ag_agroweb/map/api/app/IApi.php:61 Stack trace: #0 [internal function]: Slim\Slim::handleErrors(2, 'json_decode() e...', '/var/www/ag_agr...', 61, Array) #1 /var/www/ag_agroweb/map/api/app/IApi.php(61): json_decode(Object(Slim\Http\Headers)) #2 /var/www/ag_agroweb/map/api/app/IApi.php(23): IApi->beforeCall() #3 /var/www/ag_agroweb/map/api/app/login/Login.php(13): IApi->__construct(Object(stdClass)) #4 /var/www/ag_agroweb/map/api/vendor/slim/slim/Slim/Route.php(171): Login->__construct() #5 [internal function]: Slim\{closure}() #6 /var/www/ag_agroweb/map/api/vendor/slim/slim/Slim/Route.php(468): call_user_func_array(Object(Closure), Array) #7 /var/www/ag_agroweb/map/api/vendor/slim/slim/Slim/Slim.php(1357): Slim\Route->dispatch() #8 /var/www/ag_agroweb/map/api/vendor/slim/slim/Slim/Middleware/Flash.php(85): Slim\Slim->call() #9 /var/www/ag_agroweb/map/api/vendor/slim/slim/Slim/Middleware/MethodOverride.php(92): Slim\Middleware\Flash->call() #10 /var/www/ag_agroweb/map/api/vendor/slim/slim/Slim/Middleware/PrettyExceptions.php(67): Slim\Middleware\MethodOverride->call() #11 /var/www/ag_agroweb/map/api/vendor/slim/slim/Slim/Slim.php(1302): Slim\Middleware\PrettyExceptions->call() #12 /var/www/ag_agroweb/map/api/index.php(270): Slim\Slim->run() #13 {main} [] []
[2017-08-09 11:35:59] slim-skeleton.ERROR: exception 'ErrorException' with message 'Undefined variable: params' in /var/www/ag_agroweb/map/api/app/IApi.php:87 Stack trace: #0 /var/www/ag_agroweb/map/api/app/IApi.php(87): Slim\Slim::handleErrors(8, 'Undefined varia...', '/var/www/ag_agr...', 87, Array) #1 /var/www/ag_agroweb/map/api/app/login/Login.php(28): IApi->getComments('/var/www/ag_agr...') #2 [internal function]: Login->posLogin() #3 /var/www/ag_agroweb/map/api/vendor/slim/slim/Slim/Route.php(173): call_user_func_array(Array, Array) #4 [internal function]: Slim\{closure}() #5 /var/www/ag_agroweb/map/api/vendor/slim/slim/Slim/Route.php(468): call_user_func_array(Object(Closure), Array) #6 /var/www/ag_agroweb/map/api/vendor/slim/slim/Slim/Slim.php(1357): Slim\Route->dispatch() #7 /var/www/ag_agroweb/map/api/vendor/slim/slim/Slim/Middleware/Flash.php(85): Slim\Slim->call() #8 /var/www/ag_agroweb/map/api/vendor/slim/slim/Slim/Middleware/MethodOverride.php(92): Slim\Middleware\Flash->call() #9 /var/www/ag_agroweb/map/api/vendor/slim/slim/Slim/Middleware/PrettyExceptions.php(67): Slim\Middleware\MethodOverride->call() #10 /var/www/ag_agroweb/map/api/vendor/slim/slim/Slim/Slim.php(1302): Slim\Middleware\PrettyExceptions->call() #11 /var/www/ag_agroweb/map/api/index.php(270): Slim\Slim->run() #12 {main} [] []
[2017-08-09 11:53:59] slim-skeleton.ERROR: exception 'ErrorException' with message 'Trying to get property of non-object' in /var/www/ag_agroweb/map/api/app/IApi.php:28 Stack trace: #0 /var/www/ag_agroweb/map/api/app/IApi.php(28): Slim\Slim::handleErrors(8, 'Trying to get p...', '/var/www/ag_agr...', 28, Array) #1 /var/www/ag_agroweb/map/api/app/login/Login.php(16): IApi->__construct(Object(stdClass)) #2 /var/www/ag_agroweb/map/api/vendor/slim/slim/Slim/Route.php(171): Login->__construct() #3 [internal function]: Slim\{closure}() #4 /var/www/ag_agroweb/map/api/vendor/slim/slim/Slim/Route.php(468): call_user_func_array(Object(Closure), Array) #5 /var/www/ag_agroweb/map/api/vendor/slim/slim/Slim/Slim.php(1357): Slim\Route->dispatch() #6 /var/www/ag_agroweb/map/api/vendor/slim/slim/Slim/Middleware/Flash.php(85): Slim\Slim->call() #7 /var/www/ag_agroweb/map/api/vendor/slim/slim/Slim/Middleware/MethodOverride.php(92): Slim\Middleware\Flash->call() #8 /var/www/ag_agroweb/map/api/vendor/slim/slim/Slim/Middleware/PrettyExceptions.php(67): Slim\Middleware\MethodOverride->call() #9 /var/www/ag_agroweb/map/api/vendor/slim/slim/Slim/Slim.php(1302): Slim\Middleware\PrettyExceptions->call() #10 /var/www/ag_agroweb/map/api/index.php(270): Slim\Slim->run() #11 {main} [] []
[2017-08-09 11:54:12] slim-skeleton.ERROR: exception 'ErrorException' with message 'Trying to get property of non-object' in /var/www/ag_agroweb/map/api/app/IApi.php:25 Stack trace: #0 /var/www/ag_agroweb/map/api/app/IApi.php(25): Slim\Slim::handleErrors(8, 'Trying to get p...', '/var/www/ag_agr...', 25, Array) #1 /var/www/ag_agroweb/map/api/app/login/Login.php(16): IApi->__construct(Object(stdClass)) #2 /var/www/ag_agroweb/map/api/vendor/slim/slim/Slim/Route.php(171): Login->__construct() #3 [internal function]: Slim\{closure}() #4 /var/www/ag_agroweb/map/api/vendor/slim/slim/Slim/Route.php(468): call_user_func_array(Object(Closure), Array) #5 /var/www/ag_agroweb/map/api/vendor/slim/slim/Slim/Slim.php(1357): Slim\Route->dispatch() #6 /var/www/ag_agroweb/map/api/vendor/slim/slim/Slim/Middleware/Flash.php(85): Slim\Slim->call() #7 /var/www/ag_agroweb/map/api/vendor/slim/slim/Slim/Middleware/MethodOverride.php(92): Slim\Middleware\Flash->call() #8 /var/www/ag_agroweb/map/api/vendor/slim/slim/Slim/Middleware/PrettyExceptions.php(67): Slim\Middleware\MethodOverride->call() #9 /var/www/ag_agroweb/map/api/vendor/slim/slim/Slim/Slim.php(1302): Slim\Middleware\PrettyExceptions->call() #10 /var/www/ag_agroweb/map/api/index.php(270): Slim\Slim->run() #11 {main} [] []
[2017-08-09 11:54:23] slim-skeleton.ERROR: exception 'ErrorException' with message 'Trying to get property of non-object' in /var/www/ag_agroweb/map/api/app/IApi.php:25 Stack trace: #0 /var/www/ag_agroweb/map/api/app/IApi.php(25): Slim\Slim::handleErrors(8, 'Trying to get p...', '/var/www/ag_agr...', 25, Array) #1 /var/www/ag_agroweb/map/api/app/login/Login.php(16): IApi->__construct(Object(stdClass)) #2 /var/www/ag_agroweb/map/api/vendor/slim/slim/Slim/Route.php(171): Login->__construct() #3 [internal function]: Slim\{closure}() #4 /var/www/ag_agroweb/map/api/vendor/slim/slim/Slim/Route.php(468): call_user_func_array(Object(Closure), Array) #5 /var/www/ag_agroweb/map/api/vendor/slim/slim/Slim/Slim.php(1357): Slim\Route->dispatch() #6 /var/www/ag_agroweb/map/api/vendor/slim/slim/Slim/Middleware/Flash.php(85): Slim\Slim->call() #7 /var/www/ag_agroweb/map/api/vendor/slim/slim/Slim/Middleware/MethodOverride.php(92): Slim\Middleware\Flash->call() #8 /var/www/ag_agroweb/map/api/vendor/slim/slim/Slim/Middleware/PrettyExceptions.php(67): Slim\Middleware\MethodOverride->call() #9 /var/www/ag_agroweb/map/api/vendor/slim/slim/Slim/Slim.php(1302): Slim\Middleware\PrettyExceptions->call() #10 /var/www/ag_agroweb/map/api/index.php(270): Slim\Slim->run() #11 {main} [] []
[2017-08-09 11:56:50] slim-skeleton.ERROR: exception 'ErrorException' with message 'Use of undefined constant i - assumed 'i'' in /var/www/ag_agroweb/map/api/app/IApi.php:84 Stack trace: #0 /var/www/ag_agroweb/map/api/app/IApi.php(84): Slim\Slim::handleErrors(8, 'Use of undefine...', '/var/www/ag_agr...', 84, Array) #1 /var/www/ag_agroweb/map/api/app/IApi.php(19): IApi->getClassAnnotations('Login') #2 /var/www/ag_agroweb/map/api/app/login/Login.php(16): IApi->__construct(Object(stdClass)) #3 /var/www/ag_agroweb/map/api/vendor/slim/slim/Slim/Route.php(171): Login->__construct() #4 [internal function]: Slim\{closure}() #5 /var/www/ag_agroweb/map/api/vendor/slim/slim/Slim/Route.php(468): call_user_func_array(Object(Closure), Array) #6 /var/www/ag_agroweb/map/api/vendor/slim/slim/Slim/Slim.php(1357): Slim\Route->dispatch() #7 /var/www/ag_agroweb/map/api/vendor/slim/slim/Slim/Middleware/Flash.php(85): Slim\Slim->call() #8 /var/www/ag_agroweb/map/api/vendor/slim/slim/Slim/Middleware/MethodOverride.php(92): Slim\Middleware\Flash->call() #9 /var/www/ag_agroweb/map/api/vendor/slim/slim/Slim/Middleware/PrettyExceptions.php(67): Slim\Middleware\MethodOverride->call() #10 /var/www/ag_agroweb/map/api/vendor/slim/slim/Slim/Slim.php(1302): Slim\Middleware\PrettyExceptions->call() #11 /var/www/ag_agroweb/map/api/index.php(270): Slim\Slim->run() #12 {main} [] []
[2017-08-09 12:07:04] slim-skeleton.ERROR: exception 'ErrorException' with message 'join(): Invalid arguments passed' in /var/www/ag_agroweb/map/api/app/IApi.php:92 Stack trace: #0 [internal function]: Slim\Slim::handleErrors(2, 'join(): Invalid...', '/var/www/ag_agr...', 92, Array) #1 /var/www/ag_agroweb/map/api/app/IApi.php(92): join(',', '{Array}') #2 /var/www/ag_agroweb/map/api/app/IApi.php(19): IApi->getClassAnnotations('Login') #3 /var/www/ag_agroweb/map/api/app/login/Login.php(17): IApi->__construct(Object(stdClass)) #4 /var/www/ag_agroweb/map/api/vendor/slim/slim/Slim/Route.php(171): Login->__construct() #5 [internal function]: Slim\{closure}() #6 /var/www/ag_agroweb/map/api/vendor/slim/slim/Slim/Route.php(468): call_user_func_array(Object(Closure), Array) #7 /var/www/ag_agroweb/map/api/vendor/slim/slim/Slim/Slim.php(1357): Slim\Route->dispatch() #8 /var/www/ag_agroweb/map/api/vendor/slim/slim/Slim/Middleware/Flash.php(85): Slim\Slim->call() #9 /var/www/ag_agroweb/map/api/vendor/slim/slim/Slim/Middleware/MethodOverride.php(92): Slim\Middleware\Flash->call() #10 /var/www/ag_agroweb/map/api/vendor/slim/slim/Slim/Middleware/PrettyExceptions.php(67): Slim\Middleware\MethodOverride->call() #11 /var/www/ag_agroweb/map/api/vendor/slim/slim/Slim/Slim.php(1302): Slim\Middleware\PrettyExceptions->call() #12 /var/www/ag_agroweb/map/api/index.php(270): Slim\Slim->run() #13 {main} [] []
[2017-08-09 16:24:51] slim-skeleton.ERROR: exception 'ErrorException' with message 'json_decode() expects parameter 1 to be string, object given' in /var/www/ag_agroweb/map/api/app/IApi.php:31 Stack trace: #0 [internal function]: Slim\Slim::handleErrors(2, 'json_decode() e...', '/var/www/ag_agr...', 31, Array) #1 /var/www/ag_agroweb/map/api/app/IApi.php(31): json_decode(Object(stdClass)) #2 /var/www/ag_agroweb/map/api/app/login/Login.php(16): IApi->__construct(Object(stdClass)) #3 /var/www/ag_agroweb/map/api/vendor/slim/slim/Slim/Route.php(171): Login->__construct() #4 [internal function]: Slim\{closure}() #5 /var/www/ag_agroweb/map/api/vendor/slim/slim/Slim/Route.php(468): call_user_func_array(Object(Closure), Array) #6 /var/www/ag_agroweb/map/api/vendor/slim/slim/Slim/Slim.php(1357): Slim\Route->dispatch() #7 /var/www/ag_agroweb/map/api/vendor/slim/slim/Slim/Middleware/Flash.php(85): Slim\Slim->call() #8 /var/www/ag_agroweb/map/api/vendor/slim/slim/Slim/Middleware/MethodOverride.php(92): Slim\Middleware\Flash->call() #9 /var/www/ag_agroweb/map/api/vendor/slim/slim/Slim/Middleware/PrettyExceptions.php(67): Slim\Middleware\MethodOverride->call() #10 /var/www/ag_agroweb/map/api/vendor/slim/slim/Slim/Slim.php(1302): Slim\Middleware\PrettyExceptions->call() #11 /var/www/ag_agroweb/map/api/index.php(270): Slim\Slim->run() #12 {main} [] []
[2017-08-09 16:28:56] slim-skeleton.ERROR: exception 'ErrorException' with message 'Undefined property: stdClass::$secure' in /var/www/ag_agroweb/map/api/app/IApi.php:33 Stack trace: #0 /var/www/ag_agroweb/map/api/app/IApi.php(33): Slim\Slim::handleErrors(8, 'Undefined prope...', '/var/www/ag_agr...', 33, Array) #1 /var/www/ag_agroweb/map/api/app/login/Login.php(16): IApi->__construct(Object(stdClass)) #2 /var/www/ag_agroweb/map/api/vendor/slim/slim/Slim/Route.php(171): Login->__construct() #3 [internal function]: Slim\{closure}() #4 /var/www/ag_agroweb/map/api/vendor/slim/slim/Slim/Route.php(468): call_user_func_array(Object(Closure), Array) #5 /var/www/ag_agroweb/map/api/vendor/slim/slim/Slim/Slim.php(1357): Slim\Route->dispatch() #6 /var/www/ag_agroweb/map/api/vendor/slim/slim/Slim/Middleware/Flash.php(85): Slim\Slim->call() #7 /var/www/ag_agroweb/map/api/vendor/slim/slim/Slim/Middleware/MethodOverride.php(92): Slim\Middleware\Flash->call() #8 /var/www/ag_agroweb/map/api/vendor/slim/slim/Slim/Middleware/PrettyExceptions.php(67): Slim\Middleware\MethodOverride->call() #9 /var/www/ag_agroweb/map/api/vendor/slim/slim/Slim/Slim.php(1302): Slim\Middleware\PrettyExceptions->call() #10 /var/www/ag_agroweb/map/api/index.php(270): Slim\Slim->run() #11 {main} [] []
[2017-08-15 17:56:50] slim-skeleton.ERROR: exception 'PDOException' with message 'SQLSTATE[42S22]: Column not found: 1054 Unknown column 'funcionario.id' in 'on clause'' in /var/www/ag_agroweb/map/api/app/Idiorm.php:503 Stack trace: #0 /var/www/ag_agroweb/map/api/app/Idiorm.php(503): PDOStatement->execute() #1 /var/www/ag_agroweb/map/api/app/Idiorm.php(1906): ORM::_execute('SELECT `u`.*, `...', Array, 'default') #2 /var/www/ag_agroweb/map/api/app/Idiorm.php(737): ORM->_run() #3 /var/www/ag_agroweb/map/api/app/login/Login.php(36): ORM->find_array() #4 [internal function]: Login->posLogin() #5 /var/www/ag_agroweb/map/api/vendor/slim/slim/Slim/Route.php(173): call_user_func_array(Array, Array) #6 [internal function]: Slim\{closure}() #7 /var/www/ag_agroweb/map/api/vendor/slim/slim/Slim/Route.php(468): call_user_func_array(Object(Closure), Array) #8 /var/www/ag_agroweb/map/api/vendor/slim/slim/Slim/Slim.php(1357): Slim\Route->dispatch() #9 /var/www/ag_agroweb/map/api/vendor/slim/slim/Slim/Middleware/Flash.php(85): Slim\Slim->call() #10 /var/www/ag_agroweb/map/api/vendor/slim/slim/Slim/Middleware/MethodOverride.php(92): Slim\Middleware\Flash->call() #11 /var/www/ag_agroweb/map/api/vendor/slim/slim/Slim/Middleware/PrettyExceptions.php(67): Slim\Middleware\MethodOverride->call() #12 /var/www/ag_agroweb/map/api/vendor/slim/slim/Slim/Slim.php(1302): Slim\Middleware\PrettyExceptions->call() #13 /var/www/ag_agroweb/map/api/index.php(274): Slim\Slim->run() #14 {main} [] []
[2017-08-17 15:58:04] slim-skeleton.ERROR: exception 'PDOException' with message 'SQLSTATE[42S22]: Column not found: 1054 Unknown column 'os.' in 'where clause'' in /var/www/ag_agroweb/map/api/app/Idiorm.php:503 Stack trace: #0 /var/www/ag_agroweb/map/api/app/Idiorm.php(503): PDOStatement->execute() #1 /var/www/ag_agroweb/map/api/app/Idiorm.php(1906): ORM::_execute('SELECT `os`.`id...', Array, 'default') #2 /var/www/ag_agroweb/map/api/app/Idiorm.php(737): ORM->_run() #3 /var/www/ag_agroweb/map/api/app/oscampo/OsCampo.php(35): ORM->find_array() #4 [internal function]: OsCampo->osList() #5 /var/www/ag_agroweb/map/api/vendor/slim/slim/Slim/Route.php(173): call_user_func_array(Array, Array) #6 [internal function]: Slim\{closure}() #7 /var/www/ag_agroweb/map/api/vendor/slim/slim/Slim/Route.php(468): call_user_func_array(Object(Closure), Array) #8 /var/www/ag_agroweb/map/api/vendor/slim/slim/Slim/Slim.php(1357): Slim\Route->dispatch() #9 /var/www/ag_agroweb/map/api/vendor/slim/slim/Slim/Middleware/Flash.php(85): Slim\Slim->call() #10 /var/www/ag_agroweb/map/api/vendor/slim/slim/Slim/Middleware/MethodOverride.php(92): Slim\Middleware\Flash->call() #11 /var/www/ag_agroweb/map/api/vendor/slim/slim/Slim/Middleware/PrettyExceptions.php(67): Slim\Middleware\MethodOverride->call() #12 /var/www/ag_agroweb/map/api/vendor/slim/slim/Slim/Slim.php(1302): Slim\Middleware\PrettyExceptions->call() #13 /var/www/ag_agroweb/map/api/index.php(284): Slim\Slim->run() #14 {main} [] []
[2017-08-17 15:59:27] slim-skeleton.ERROR: exception 'PDOException' with message 'SQLSTATE[42S22]: Column not found: 1054 Unknown column 'os.' in 'where clause'' in /var/www/ag_agroweb/map/api/app/Idiorm.php:503 Stack trace: #0 /var/www/ag_agroweb/map/api/app/Idiorm.php(503): PDOStatement->execute() #1 /var/www/ag_agroweb/map/api/app/Idiorm.php(1906): ORM::_execute('SELECT `os`.`id...', Array, 'default') #2 /var/www/ag_agroweb/map/api/app/Idiorm.php(737): ORM->_run() #3 /var/www/ag_agroweb/map/api/app/oscampo/OsCampo.php(35): ORM->find_array() #4 [internal function]: OsCampo->osList() #5 /var/www/ag_agroweb/map/api/vendor/slim/slim/Slim/Route.php(173): call_user_func_array(Array, Array) #6 [internal function]: Slim\{closure}() #7 /var/www/ag_agroweb/map/api/vendor/slim/slim/Slim/Route.php(468): call_user_func_array(Object(Closure), Array) #8 /var/www/ag_agroweb/map/api/vendor/slim/slim/Slim/Slim.php(1357): Slim\Route->dispatch() #9 /var/www/ag_agroweb/map/api/vendor/slim/slim/Slim/Middleware/Flash.php(85): Slim\Slim->call() #10 /var/www/ag_agroweb/map/api/vendor/slim/slim/Slim/Middleware/MethodOverride.php(92): Slim\Middleware\Flash->call() #11 /var/www/ag_agroweb/map/api/vendor/slim/slim/Slim/Middleware/PrettyExceptions.php(67): Slim\Middleware\MethodOverride->call() #12 /var/www/ag_agroweb/map/api/vendor/slim/slim/Slim/Slim.php(1302): Slim\Middleware\PrettyExceptions->call() #13 /var/www/ag_agroweb/map/api/index.php(284): Slim\Slim->run() #14 {main} [] []
[2017-08-17 18:23:03] slim-skeleton.ERROR: exception 'PDOException' with message 'SQLSTATE[42S02]: Base table or view not found: 1146 Table 'agroweb.subatividade' doesn't exist' in /var/www/ag_agroweb/map/api/app/Idiorm.php:503 Stack trace: #0 /var/www/ag_agroweb/map/api/app/Idiorm.php(503): PDOStatement->execute() #1 /var/www/ag_agroweb/map/api/app/Idiorm.php(1908): ORM::_execute('SELECT `os`.`id...', Array, 'default') #2 /var/www/ag_agroweb/map/api/app/Idiorm.php(737): ORM->_run() #3 /var/www/ag_agroweb/map/api/app/oscampo/OsCampo.php(50): ORM->find_array() #4 [internal function]: OsCampo->osList() #5 /var/www/ag_agroweb/map/api/vendor/slim/slim/Slim/Route.php(173): call_user_func_array(Array, Array) #6 [internal function]: Slim\{closure}() #7 /var/www/ag_agroweb/map/api/vendor/slim/slim/Slim/Route.php(468): call_user_func_array(Object(Closure), Array) #8 /var/www/ag_agroweb/map/api/vendor/slim/slim/Slim/Slim.php(1357): Slim\Route->dispatch() #9 /var/www/ag_agroweb/map/api/vendor/slim/slim/Slim/Middleware/Flash.php(85): Slim\Slim->call() #10 /var/www/ag_agroweb/map/api/vendor/slim/slim/Slim/Middleware/MethodOverride.php(92): Slim\Middleware\Flash->call() #11 /var/www/ag_agroweb/map/api/vendor/slim/slim/Slim/Middleware/PrettyExceptions.php(67): Slim\Middleware\MethodOverride->call() #12 /var/www/ag_agroweb/map/api/vendor/slim/slim/Slim/Slim.php(1302): Slim\Middleware\PrettyExceptions->call() #13 /var/www/ag_agroweb/map/api/index.php(285): Slim\Slim->run() #14 {main} [] []
[2017-08-21 09:57:23] slim-skeleton.ERROR: exception 'PDOException' with message 'SQLSTATE[42S22]: Column not found: 1054 Unknown column 'id_id_ordem_servico' in 'where clause'' in /var/www/ag_agroweb/map/api/app/Idiorm.php:503 Stack trace: #0 /var/www/ag_agroweb/map/api/app/Idiorm.php(503): PDOStatement->execute() #1 /var/www/ag_agroweb/map/api/app/Idiorm.php(1908): ORM::_execute('SELECT * FROM `...', Array, 'default') #2 /var/www/ag_agroweb/map/api/app/Idiorm.php(737): ORM->_run() #3 /var/www/ag_agroweb/map/api/app/oscampo/OsCampo.php(55): ORM->find_array() #4 [internal function]: OsCampo->osList() #5 /var/www/ag_agroweb/map/api/vendor/slim/slim/Slim/Route.php(173): call_user_func_array(Array, Array) #6 [internal function]: Slim\{closure}() #7 /var/www/ag_agroweb/map/api/vendor/slim/slim/Slim/Route.php(468): call_user_func_array(Object(Closure), Array) #8 /var/www/ag_agroweb/map/api/vendor/slim/slim/Slim/Slim.php(1357): Slim\Route->dispatch() #9 /var/www/ag_agroweb/map/api/vendor/slim/slim/Slim/Middleware/Flash.php(85): Slim\Slim->call() #10 /var/www/ag_agroweb/map/api/vendor/slim/slim/Slim/Middleware/MethodOverride.php(92): Slim\Middleware\Flash->call() #11 /var/www/ag_agroweb/map/api/vendor/slim/slim/Slim/Middleware/PrettyExceptions.php(67): Slim\Middleware\MethodOverride->call() #12 /var/www/ag_agroweb/map/api/vendor/slim/slim/Slim/Slim.php(1302): Slim\Middleware\PrettyExceptions->call() #13 /var/www/ag_agroweb/map/api/index.php(285): Slim\Slim->run() #14 {main} [] []
[2017-08-31 09:53:38] slim-skeleton.ERROR: exception 'PDOException' with message 'SQLSTATE[42S22]: Column not found: 1054 Unknown column 'f.descr' in 'field list'' in /var/www/ag_agroweb/map/api/app/Idiorm.php:503 Stack trace: #0 /var/www/ag_agroweb/map/api/app/Idiorm.php(503): PDOStatement->execute() #1 /var/www/ag_agroweb/map/api/app/Idiorm.php(1908): ORM::_execute('SELECT `os`.`id...', Array, 'default') #2 /var/www/ag_agroweb/map/api/app/Idiorm.php(737): ORM->_run() #3 /var/www/ag_agroweb/map/api/app/ostipo/OsTipo.php(28): ORM->find_array() #4 [internal function]: OsTipo->osTipoList() #5 /var/www/ag_agroweb/map/api/vendor/slim/slim/Slim/Route.php(173): call_user_func_array(Array, Array) #6 [internal function]: Slim\{closure}() #7 /var/www/ag_agroweb/map/api/vendor/slim/slim/Slim/Route.php(468): call_user_func_array(Object(Closure), Array) #8 /var/www/ag_agroweb/map/api/vendor/slim/slim/Slim/Slim.php(1357): Slim\Route->dispatch() #9 /var/www/ag_agroweb/map/api/vendor/slim/slim/Slim/Middleware/Flash.php(85): Slim\Slim->call() #10 /var/www/ag_agroweb/map/api/vendor/slim/slim/Slim/Middleware/MethodOverride.php(92): Slim\Middleware\Flash->call() #11 /var/www/ag_agroweb/map/api/vendor/slim/slim/Slim/Middleware/PrettyExceptions.php(67): Slim\Middleware\MethodOverride->call() #12 /var/www/ag_agroweb/map/api/vendor/slim/slim/Slim/Slim.php(1302): Slim\Middleware\PrettyExceptions->call() #13 /var/www/ag_agroweb/map/api/index.php(294): Slim\Slim->run() #14 {main} [] []
[2017-09-04 17:04:35] slim-skeleton.ERROR: exception 'PDOException' with message 'SQLSTATE[42S22]: Column not found: 1054 Unknown column 'CONCAT(p.descr, ' ', a.descr) descr' in 'field list'' in /var/www/ag_agroweb/map/api/app/Idiorm.php:503 Stack trace: #0 /var/www/ag_agroweb/map/api/app/Idiorm.php(503): PDOStatement->execute() #1 /var/www/ag_agroweb/map/api/app/Idiorm.php(1908): ORM::_execute('SELECT `a`.`id`...', Array, 'default') #2 /var/www/ag_agroweb/map/api/app/Idiorm.php(737): ORM->_run() #3 /var/www/ag_agroweb/map/api/app/atividade/Atividade.php(35): ORM->find_array() #4 [internal function]: Atividade->atividadeList() #5 /var/www/ag_agroweb/map/api/vendor/slim/slim/Slim/Route.php(173): call_user_func_array(Array, Array) #6 [internal function]: Slim\{closure}() #7 /var/www/ag_agroweb/map/api/vendor/slim/slim/Slim/Route.php(468): call_user_func_array(Object(Closure), Array) #8 /var/www/ag_agroweb/map/api/vendor/slim/slim/Slim/Slim.php(1357): Slim\Route->dispatch() #9 /var/www/ag_agroweb/map/api/vendor/slim/slim/Slim/Middleware/Flash.php(85): Slim\Slim->call() #10 /var/www/ag_agroweb/map/api/vendor/slim/slim/Slim/Middleware/MethodOverride.php(92): Slim\Middleware\Flash->call() #11 /var/www/ag_agroweb/map/api/vendor/slim/slim/Slim/Middleware/PrettyExceptions.php(67): Slim\Middleware\MethodOverride->call() #12 /var/www/ag_agroweb/map/api/vendor/slim/slim/Slim/Slim.php(1302): Slim\Middleware\PrettyExceptions->call() #13 /var/www/ag_agroweb/map/api/index.php(311): Slim\Slim->run() #14 {main} [] []
[2017-09-04 17:05:03] slim-skeleton.ERROR: exception 'PDOException' with message 'SQLSTATE[42S22]: Column not found: 1054 Unknown column 'CONCAT(p.descr, ' ', a.descr) descr' in 'field list'' in /var/www/ag_agroweb/map/api/app/Idiorm.php:503 Stack trace: #0 /var/www/ag_agroweb/map/api/app/Idiorm.php(503): PDOStatement->execute() #1 /var/www/ag_agroweb/map/api/app/Idiorm.php(1908): ORM::_execute('SELECT `a`.`id`...', Array, 'default') #2 /var/www/ag_agroweb/map/api/app/Idiorm.php(737): ORM->_run() #3 /var/www/ag_agroweb/map/api/app/atividade/Atividade.php(35): ORM->find_array() #4 [internal function]: Atividade->atividadeList() #5 /var/www/ag_agroweb/map/api/vendor/slim/slim/Slim/Route.php(173): call_user_func_array(Array, Array) #6 [internal function]: Slim\{closure}() #7 /var/www/ag_agroweb/map/api/vendor/slim/slim/Slim/Route.php(468): call_user_func_array(Object(Closure), Array) #8 /var/www/ag_agroweb/map/api/vendor/slim/slim/Slim/Slim.php(1357): Slim\Route->dispatch() #9 /var/www/ag_agroweb/map/api/vendor/slim/slim/Slim/Middleware/Flash.php(85): Slim\Slim->call() #10 /var/www/ag_agroweb/map/api/vendor/slim/slim/Slim/Middleware/MethodOverride.php(92): Slim\Middleware\Flash->call() #11 /var/www/ag_agroweb/map/api/vendor/slim/slim/Slim/Middleware/PrettyExceptions.php(67): Slim\Middleware\MethodOverride->call() #12 /var/www/ag_agroweb/map/api/vendor/slim/slim/Slim/Slim.php(1302): Slim\Middleware\PrettyExceptions->call() #13 /var/www/ag_agroweb/map/api/index.php(311): Slim\Slim->run() #14 {main} [] []
[2017-09-04 17:33:30] slim-skeleton.ERROR: exception 'PDOException' with message 'SQLSTATE[42S22]: Column not found: 1054 Unknown column 'a.id_safra' in 'where clause'' in /var/www/ag_agroweb/map/api/app/Idiorm.php:503 Stack trace: #0 /var/www/ag_agroweb/map/api/app/Idiorm.php(503): PDOStatement->execute() #1 /var/www/ag_agroweb/map/api/app/Idiorm.php(1908): ORM::_execute('SELECT `a`.`id`...', Array, 'default') #2 /var/www/ag_agroweb/map/api/app/Idiorm.php(737): ORM->_run() #3 /var/www/ag_agroweb/map/api/app/atividade/Atividade.php(35): ORM->find_array() #4 [internal function]: Atividade->atividadeList() #5 /var/www/ag_agroweb/map/api/vendor/slim/slim/Slim/Route.php(173): call_user_func_array(Array, Array) #6 [internal function]: Slim\{closure}() #7 /var/www/ag_agroweb/map/api/vendor/slim/slim/Slim/Route.php(468): call_user_func_array(Object(Closure), Array) #8 /var/www/ag_agroweb/map/api/vendor/slim/slim/Slim/Slim.php(1357): Slim\Route->dispatch() #9 /var/www/ag_agroweb/map/api/vendor/slim/slim/Slim/Middleware/Flash.php(85): Slim\Slim->call() #10 /var/www/ag_agroweb/map/api/vendor/slim/slim/Slim/Middleware/MethodOverride.php(92): Slim\Middleware\Flash->call() #11 /var/www/ag_agroweb/map/api/vendor/slim/slim/Slim/Middleware/PrettyExceptions.php(67): Slim\Middleware\MethodOverride->call() #12 /var/www/ag_agroweb/map/api/vendor/slim/slim/Slim/Slim.php(1302): Slim\Middleware\PrettyExceptions->call() #13 /var/www/ag_agroweb/map/api/index.php(311): Slim\Slim->run() #14 {main} [] []
[2017-09-04 17:36:04] slim-skeleton.ERROR: exception 'PDOException' with message 'SQLSTATE[42000]: Syntax error or access violation: 1064 You have an error in your SQL syntax; check the manual that corresponds to your MySQL server version for the right syntax to use near ') AS `sss`, `a`.`ativo` FROM `atividade` `a` JOIN `atividade` `p` ON `p`.`id` = ' at line 1' in /var/www/ag_agroweb/map/api/app/Idiorm.php:503 Stack trace: #0 /var/www/ag_agroweb/map/api/app/Idiorm.php(503): PDOStatement->execute() #1 /var/www/ag_agroweb/map/api/app/Idiorm.php(1908): ORM::_execute('SELECT `a`.`id`...', Array, 'default') #2 /var/www/ag_agroweb/map/api/app/Idiorm.php(737): ORM->_run() #3 /var/www/ag_agroweb/map/api/app/atividade/Atividade.php(35): ORM->find_array() #4 [internal function]: Atividade->atividadeList() #5 /var/www/ag_agroweb/map/api/vendor/slim/slim/Slim/Route.php(173): call_user_func_array(Array, Array) #6 [internal function]: Slim\{closure}() #7 /var/www/ag_agroweb/map/api/vendor/slim/slim/Slim/Route.php(468): call_user_func_array(Object(Closure), Array) #8 /var/www/ag_agroweb/map/api/vendor/slim/slim/Slim/Slim.php(1357): Slim\Route->dispatch() #9 /var/www/ag_agroweb/map/api/vendor/slim/slim/Slim/Middleware/Flash.php(85): Slim\Slim->call() #10 /var/www/ag_agroweb/map/api/vendor/slim/slim/Slim/Middleware/MethodOverride.php(92): Slim\Middleware\Flash->call() #11 /var/www/ag_agroweb/map/api/vendor/slim/slim/Slim/Middleware/PrettyExceptions.php(67): Slim\Middleware\MethodOverride->call() #12 /var/www/ag_agroweb/map/api/vendor/slim/slim/Slim/Slim.php(1302): Slim\Middleware\PrettyExceptions->call() #13 /var/www/ag_agroweb/map/api/index.php(311): Slim\Slim->run() #14 {main} [] []
[2017-09-06 16:40:10] slim-skeleton.ERROR: exception 'PDOException' with message 'SQLSTATE[42000]: Syntax error or access violation: 1064 You have an error in your SQL syntax; check the manual that corresponds to your MySQL server version for the right syntax to use near '%d/%m/%Y) AS `dt_abertura`, date_format(os.dt_fechamento, %d' at line 1' in /var/www/ag_agroweb/map/api/app/Idiorm.php:503 Stack trace: #0 /var/www/ag_agroweb/map/api/app/Idiorm.php(503): PDOStatement->execute() #1 /var/www/ag_agroweb/map/api/app/Idiorm.php(1908): ORM::_execute('SELECT `os`.`id...', Array, 'default') #2 /var/www/ag_agroweb/map/api/app/Idiorm.php(737): ORM->_run() #3 /var/www/ag_agroweb/map/api/app/oscampo/OsCampo.php(54): ORM->find_array() #4 [internal function]: OsCampo->osList() #5 /var/www/ag_agroweb/map/api/vendor/slim/slim/Slim/Route.php(173): call_user_func_array(Array, Array) #6 [internal function]: Slim\{closure}() #7 /var/www/ag_agroweb/map/api/vendor/slim/slim/Slim/Route.php(468): call_user_func_array(Object(Closure), Array) #8 /var/www/ag_agroweb/map/api/vendor/slim/slim/Slim/Slim.php(1357): Slim\Route->dispatch() #9 /var/www/ag_agroweb/map/api/vendor/slim/slim/Slim/Middleware/Flash.php(85): Slim\Slim->call() #10 /var/www/ag_agroweb/map/api/vendor/slim/slim/Slim/Middleware/MethodOverride.php(92): Slim\Middleware\Flash->call() #11 /var/www/ag_agroweb/map/api/vendor/slim/slim/Slim/Middleware/PrettyExceptions.php(67): Slim\Middleware\MethodOverride->call() #12 /var/www/ag_agroweb/map/api/vendor/slim/slim/Slim/Slim.php(1302): Slim\Middleware\PrettyExceptions->call() #13 /var/www/ag_agroweb/map/api/index.php(327): Slim\Slim->run() #14 {main} [] []
[2017-09-06 16:40:19] slim-skeleton.ERROR: exception 'PDOException' with message 'SQLSTATE[42000]: Syntax error or access violation: 1064 You have an error in your SQL syntax; check the manual that corresponds to your MySQL server version for the right syntax to use near '%d/%m/%Y) AS `dt_abertura`, date_format(os.dt_fechamento, %d' at line 1' in /var/www/ag_agroweb/map/api/app/Idiorm.php:503 Stack trace: #0 /var/www/ag_agroweb/map/api/app/Idiorm.php(503): PDOStatement->execute() #1 /var/www/ag_agroweb/map/api/app/Idiorm.php(1908): ORM::_execute('SELECT `os`.`id...', Array, 'default') #2 /var/www/ag_agroweb/map/api/app/Idiorm.php(737): ORM->_run() #3 /var/www/ag_agroweb/map/api/app/oscampo/OsCampo.php(54): ORM->find_array() #4 [internal function]: OsCampo->osList() #5 /var/www/ag_agroweb/map/api/vendor/slim/slim/Slim/Route.php(173): call_user_func_array(Array, Array) #6 [internal function]: Slim\{closure}() #7 /var/www/ag_agroweb/map/api/vendor/slim/slim/Slim/Route.php(468): call_user_func_array(Object(Closure), Array) #8 /var/www/ag_agroweb/map/api/vendor/slim/slim/Slim/Slim.php(1357): Slim\Route->dispatch() #9 /var/www/ag_agroweb/map/api/vendor/slim/slim/Slim/Middleware/Flash.php(85): Slim\Slim->call() #10 /var/www/ag_agroweb/map/api/vendor/slim/slim/Slim/Middleware/MethodOverride.php(92): Slim\Middleware\Flash->call() #11 /var/www/ag_agroweb/map/api/vendor/slim/slim/Slim/Middleware/PrettyExceptions.php(67): Slim\Middleware\MethodOverride->call() #12 /var/www/ag_agroweb/map/api/vendor/slim/slim/Slim/Slim.php(1302): Slim\Middleware\PrettyExceptions->call() #13 /var/www/ag_agroweb/map/api/index.php(327): Slim\Slim->run() #14 {main} [] []
[2017-09-11 14:29:23] slim-skeleton.ERROR: exception 'IdiormMethodMissingException' with message 'Method order_by() does not exist in class ORM' in /var/www/ag_agroweb/map/api/app/Idiorm.php:2265 Stack trace: #0 /var/www/ag_agroweb/map/api/app/atividade/Atividade.php(36): ORM->__call('order_by', Array) #1 /var/www/ag_agroweb/map/api/app/atividade/Atividade.php(36): ORM->order_by('a.id') #2 [internal function]: Atividade->atividadeList() #3 /var/www/ag_agroweb/map/api/vendor/slim/slim/Slim/Route.php(173): call_user_func_array(Array, Array) #4 [internal function]: Slim\{closure}() #5 /var/www/ag_agroweb/map/api/vendor/slim/slim/Slim/Route.php(468): call_user_func_array(Object(Closure), Array) #6 /var/www/ag_agroweb/map/api/vendor/slim/slim/Slim/Slim.php(1357): Slim\Route->dispatch() #7 /var/www/ag_agroweb/map/api/vendor/slim/slim/Slim/Middleware/Flash.php(85): Slim\Slim->call() #8 /var/www/ag_agroweb/map/api/vendor/slim/slim/Slim/Middleware/MethodOverride.php(92): Slim\Middleware\Flash->call() #9 /var/www/ag_agroweb/map/api/vendor/slim/slim/Slim/Middleware/PrettyExceptions.php(67): Slim\Middleware\MethodOverride->call() #10 /var/www/ag_agroweb/map/api/vendor/slim/slim/Slim/Slim.php(1302): Slim\Middleware\PrettyExceptions->call() #11 /var/www/ag_agroweb/map/api/index.php(327): Slim\Slim->run() #12 {main} [] []
[2017-09-12 16:57:15] slim-skeleton.ERROR: exception 'PDOException' with message 'SQLSTATE[42S22]: Column not found: 1054 Unknown column 't.id_ordem_servico' in 'field list'' in /var/www/ag_agroweb/map/api/app/Idiorm.php:503 Stack trace: #0 /var/www/ag_agroweb/map/api/app/Idiorm.php(503): PDOStatement->execute() #1 /var/www/ag_agroweb/map/api/app/Idiorm.php(1908): ORM::_execute('SELECT `t`.`id`...', Array, 'default') #2 /var/www/ag_agroweb/map/api/app/Idiorm.php(737): ORM->_run() #3 /var/www/ag_agroweb/map/api/app/oscampo/OsCampo.php(107): ORM->find_array() #4 [internal function]: OsCampo->talhaoList() #5 /var/www/ag_agroweb/map/api/vendor/slim/slim/Slim/Route.php(173): call_user_func_array(Array, Array) #6 [internal function]: Slim\{closure}() #7 /var/www/ag_agroweb/map/api/vendor/slim/slim/Slim/Route.php(468): call_user_func_array(Object(Closure), Array) #8 /var/www/ag_agroweb/map/api/vendor/slim/slim/Slim/Slim.php(1357): Slim\Route->dispatch() #9 /var/www/ag_agroweb/map/api/vendor/slim/slim/Slim/Middleware/Flash.php(85): Slim\Slim->call() #10 /var/www/ag_agroweb/map/api/vendor/slim/slim/Slim/Middleware/MethodOverride.php(92): Slim\Middleware\Flash->call() #11 /var/www/ag_agroweb/map/api/vendor/slim/slim/Slim/Middleware/PrettyExceptions.php(67): Slim\Middleware\MethodOverride->call() #12 /var/www/ag_agroweb/map/api/vendor/slim/slim/Slim/Slim.php(1302): Slim\Middleware\PrettyExceptions->call() #13 /var/www/ag_agroweb/map/api/index.php(328): Slim\Slim->run() #14 {main} [] []
[2017-09-12 16:58:16] slim-skeleton.ERROR: exception 'PDOException' with message 'SQLSTATE[42S22]: Column not found: 1054 Unknown column 'id_safra' in 'where clause'' in /var/www/ag_agroweb/map/api/app/Idiorm.php:503 Stack trace: #0 /var/www/ag_agroweb/map/api/app/Idiorm.php(503): PDOStatement->execute() #1 /var/www/ag_agroweb/map/api/app/Idiorm.php(1908): ORM::_execute('SELECT `t`.`id`...', Array, 'default') #2 /var/www/ag_agroweb/map/api/app/Idiorm.php(737): ORM->_run() #3 /var/www/ag_agroweb/map/api/app/oscampo/OsCampo.php(110): ORM->find_array() #4 [internal function]: OsCampo->talhaoList() #5 /var/www/ag_agroweb/map/api/vendor/slim/slim/Slim/Route.php(173): call_user_func_array(Array, Array) #6 [internal function]: Slim\{closure}() #7 /var/www/ag_agroweb/map/api/vendor/slim/slim/Slim/Route.php(468): call_user_func_array(Object(Closure), Array) #8 /var/www/ag_agroweb/map/api/vendor/slim/slim/Slim/Slim.php(1357): Slim\Route->dispatch() #9 /var/www/ag_agroweb/map/api/vendor/slim/slim/Slim/Middleware/Flash.php(85): Slim\Slim->call() #10 /var/www/ag_agroweb/map/api/vendor/slim/slim/Slim/Middleware/MethodOverride.php(92): Slim\Middleware\Flash->call() #11 /var/www/ag_agroweb/map/api/vendor/slim/slim/Slim/Middleware/PrettyExceptions.php(67): Slim\Middleware\MethodOverride->call() #12 /var/www/ag_agroweb/map/api/vendor/slim/slim/Slim/Slim.php(1302): Slim\Middleware\PrettyExceptions->call() #13 /var/www/ag_agroweb/map/api/index.php(328): Slim\Slim->run() #14 {main} [] []
